<?xml version="1.0" encoding="UTF-8"?>
<!-- Generated by org.testng.reporters.JUnitReportReporter -->
<testsuite hostname="DESKTOP-I5JEI3M" failures="0" tests="3" name="test.UserManagementTest" time="42.459" errors="0" timestamp="2024-07-02T21:04:13 IST" skipped="0">
  <testcase classname="test.UserManagementTest" name="verifyRolesFieldisEnabled" time="13.643"/>
  <testcase classname="test.UserManagementTest" name="verifySalesCommissionAgentFieldisEnabled" time="13.647"/>
  <testcase classname="test.UserManagementTest" name="verifyUsersFieldisEnabled" time="15.169"/>
</testsuite> <!-- test.UserManagementTest -->
