<?xml version="1.0" encoding="UTF-8"?>
<!-- Generated by org.testng.reporters.JUnitReportReporter -->
<testsuite hostname="DESKTOP-I5JEI3M" failures="0" tests="3" name="test.UserManagementTest" time="74.968" errors="0" timestamp="2024-07-02T21:51:45 IST" skipped="0">
  <testcase classname="test.UserManagementTest" name="verifySalesCommissionAgentFieldisEnabled" time="18.120"/>
  <testcase classname="test.UserManagementTest" name="verifyUsersFieldisEnabled" time="29.395"/>
  <testcase classname="test.UserManagementTest" name="verifyRolesFieldisEnabled" time="27.453"/>
</testsuite> <!-- test.UserManagementTest -->
