<?xml version="1.0" encoding="UTF-8"?>
<!-- Generated by org.testng.reporters.JUnitReportReporter -->
<testsuite hostname="DESKTOP-I5JEI3M" failures="0" tests="3" name="test.UserManagementTest" time="55.052" errors="0" timestamp="2024-07-03T14:33:45 IST" skipped="0">
  <testcase classname="test.UserManagementTest" name="verifyUsersFieldisEnabled" time="21.357"/>
  <testcase classname="test.UserManagementTest" name="verifySalesCommissionAgentFieldisEnabled" time="14.973"/>
  <testcase classname="test.UserManagementTest" name="verifyRolesFieldisEnabled" time="18.722"/>
</testsuite> <!-- test.UserManagementTest -->
