<?xml version="1.0" encoding="UTF-8"?>
<!-- Generated by org.testng.reporters.JUnitReportReporter -->
<testsuite hostname="DESKTOP-I5JEI3M" failures="0" tests="3" name="test.UserManagementTest" time="45.653" errors="0" timestamp="2024-07-02T10:31:04 IST" skipped="0">
  <testcase classname="test.UserManagementTest" name="verifySalesCommissionAgentFieldisEnabled" time="15.434"/>
  <testcase classname="test.UserManagementTest" name="verifyRolesFieldisEnabled" time="12.713"/>
  <testcase classname="test.UserManagementTest" name="verifyUsersFieldisEnabled" time="17.506"/>
</testsuite> <!-- test.UserManagementTest -->
