<?xml version="1.0" encoding="UTF-8"?>
<!-- Generated by org.testng.reporters.JUnitReportReporter -->
<testsuite hostname="DESKTOP-I5JEI3M" failures="0" tests="2" name="test.AddUserPageTest" time="54.554" errors="0" timestamp="2024-07-02T21:51:45 IST" skipped="0">
  <testcase classname="test.AddUserPageTest" name="verifyUserLoginWithNewlyaddeduser" time="29.352"/>
  <testcase classname="test.AddUserPageTest" name="verifyAddUser" time="25.202"/>
</testsuite> <!-- test.AddUserPageTest -->
