<?xml version="1.0" encoding="UTF-8"?>
<!-- Generated by org.testng.reporters.JUnitReportReporter -->
<testsuite hostname="DESKTOP-I5JEI3M" failures="0" tests="1" name="test.HomePageTest" time="22.910" errors="0" timestamp="2024-07-02T21:51:45 IST" skipped="0">
  <testcase classname="test.HomePageTest" name="verifyUserLoginDate" time="22.910"/>
</testsuite> <!-- test.HomePageTest -->
