<?xml version="1.0" encoding="UTF-8"?>
<!-- Generated by org.testng.reporters.JUnitReportReporter -->
<testsuite hostname="DESKTOP-I5JEI3M" failures="0" tests="2" name="test.AddUserPageTest" time="51.338" errors="0" timestamp="2024-07-07T20:28:36 IST" skipped="0">
  <testcase classname="test.AddUserPageTest" name="verifyAddUser" time="22.489"/>
  <testcase classname="test.AddUserPageTest" name="verifyUserLoginWithNewlyaddeduser" time="28.849"/>
</testsuite> <!-- test.AddUserPageTest -->
