<?xml version="1.0" encoding="UTF-8"?>
<!-- Generated by org.testng.reporters.JUnitReportReporter -->
<testsuite hostname="DESKTOP-I5JEI3M" failures="0" tests="2" name="test.AddUserPageTest" time="70.890" errors="0" timestamp="2024-07-05T20:04:32 IST" skipped="0">
  <testcase classname="test.AddUserPageTest" name="verifyUserLoginWithNewlyaddeduser" time="36.543"/>
  <testcase classname="test.AddUserPageTest" name="verifyAddUser" time="34.347"/>
</testsuite> <!-- test.AddUserPageTest -->
