<?xml version="1.0" encoding="UTF-8"?>
<!-- Generated by org.testng.reporters.JUnitReportReporter -->
<testsuite hostname="DESKTOP-I5JEI3M" failures="0" tests="2" name="test.UsersPageTest" time="60.354" errors="0" timestamp="2024-07-02T21:51:45 IST" skipped="0">
  <testcase classname="test.UsersPageTest" name="verifyDeleteFunctionality" time="30.621"/>
  <testcase classname="test.UsersPageTest" name="verifyEditFunctionality" time="29.733"/>
</testsuite> <!-- test.UsersPageTest -->
