<?xml version="1.0" encoding="UTF-8"?>
<!-- Generated by org.testng.reporters.JUnitReportReporter -->
<testsuite hostname="DESKTOP-I5JEI3M" failures="0" tests="3" name="test.UserManagementTest" time="46.594" errors="0" timestamp="2024-07-07T20:28:36 IST" skipped="0">
  <testcase classname="test.UserManagementTest" name="verifyUsersFieldisEnabled" time="12.026"/>
  <testcase classname="test.UserManagementTest" name="verifyRolesFieldisEnabled" time="12.255"/>
  <testcase classname="test.UserManagementTest" name="verifySalesCommissionAgentFieldisEnabled" time="22.313"/>
</testsuite> <!-- test.UserManagementTest -->
