<?xml version="1.0" encoding="UTF-8"?>
<!-- Generated by org.testng.reporters.JUnitReportReporter -->
<testsuite hostname="DESKTOP-I5JEI3M" failures="0" tests="1" name="test.ProfilePageTest" time="25.829" errors="0" timestamp="2024-07-02T21:51:45 IST" skipped="0">
  <testcase classname="test.ProfilePageTest" name="verifyProfileUpdate" time="25.829"/>
</testsuite> <!-- test.ProfilePageTest -->
