<?xml version="1.0" encoding="UTF-8"?>
<!-- Generated by org.testng.reporters.JUnitReportReporter -->
<testsuite hostname="DESKTOP-I5JEI3M" failures="0" tests="3" name="test.UserManagementTest" time="94.911" errors="0" timestamp="2024-07-05T20:10:45 IST" skipped="0">
  <testcase classname="test.UserManagementTest" name="verifySalesCommissionAgentFieldisEnabled" time="37.933"/>
  <testcase classname="test.UserManagementTest" name="verifyUsersFieldisEnabled" time="31.746"/>
  <testcase classname="test.UserManagementTest" name="verifyRolesFieldisEnabled" time="25.232"/>
</testsuite> <!-- test.UserManagementTest -->
