<?xml version="1.0" encoding="UTF-8"?>
<!-- Generated by org.testng.reporters.JUnitReportReporter -->
<testsuite hostname="DESKTOP-I5JEI3M" failures="0" tests="4" name="test.LoginPageTest" time="52.453" errors="0" timestamp="2024-07-02T21:51:45 IST" skipped="0">
  <testcase classname="test.LoginPageTest" name="verifyErrorMsgWhileLoginWithInvalidCredentials" time="12.371"/>
  <testcase classname="test.LoginPageTest" name="verifyErrorMsgWhileLoginWithInvalidCredentials" time="10.880"/>
  <testcase classname="test.LoginPageTest" name="verifyLoginWithValidCredentials" time="15.856"/>
  <testcase classname="test.LoginPageTest" name="verifyErrorMsgWhileLoginWithInvalidCredentials" time="13.346"/>
</testsuite> <!-- test.LoginPageTest -->
