<?xml version="1.0" encoding="UTF-8"?>
<!-- Generated by org.testng.reporters.JUnitReportReporter -->
<testsuite hostname="DESKTOP-I5JEI3M" failures="0" tests="3" name="test.ResetPageTest" time="61.685" errors="0" timestamp="2024-07-05T20:27:12 IST" skipped="0">
  <testcase classname="test.ResetPageTest" name="verifyErrorMsgWithInvalidEmailId" time="21.066"/>
  <testcase classname="test.ResetPageTest" name="verifyResetPageTitle" time="20.385"/>
  <testcase classname="test.ResetPageTest" name="verifyPasswordResetwithValidEmailId" time="20.234"/>
</testsuite> <!-- test.ResetPageTest -->
