<?xml version="1.0" encoding="UTF-8"?>
<!-- Generated by org.testng.reporters.JUnitReportReporter -->
<testsuite hostname="DESKTOP-I5JEI3M" failures="0" tests="2" name="test.UsersPageTest" time="56.632" errors="0" timestamp="2024-07-02T21:32:17 IST" skipped="0">
  <testcase classname="test.UsersPageTest" name="verifyDeleteFunctionality" time="30.926"/>
  <testcase classname="test.UsersPageTest" name="verifyEditFunctionality" time="25.706"/>
</testsuite> <!-- test.UsersPageTest -->
