<?xml version="1.0" encoding="UTF-8"?>
<!-- Generated by org.testng.reporters.JUnitReportReporter -->
<testsuite hostname="DESKTOP-I5JEI3M" failures="0" tests="3" name="test.ResetPageTest" time="32.308" errors="0" timestamp="2024-07-07T20:28:36 IST" skipped="0">
  <testcase classname="test.ResetPageTest" name="verifyPasswordResetwithValidEmailId" time="8.280"/>
  <testcase classname="test.ResetPageTest" name="verifyErrorMsgWithInvalidEmailId" time="12.329"/>
  <testcase classname="test.ResetPageTest" name="verifyResetPageTitle" time="11.699"/>
</testsuite> <!-- test.ResetPageTest -->
