<?xml version="1.0" encoding="UTF-8"?>
<!-- Generated by org.testng.reporters.JUnitReportReporter -->
<testsuite hostname="DESKTOP-I5JEI3M" failures="0" tests="1" name="test.HomePageTest" time="13.478" errors="0" timestamp="2024-07-07T20:28:36 IST" skipped="0">
  <testcase classname="test.HomePageTest" name="verifyUserLoginDate" time="13.478"/>
</testsuite> <!-- test.HomePageTest -->
