<?xml version="1.0" encoding="UTF-8"?>
<!-- Generated by org.testng.reporters.JUnitReportReporter -->
<testsuite hostname="DESKTOP-I5JEI3M" failures="0" tests="3" name="test.ResetPageTest" time="45.582" errors="0" timestamp="2024-07-02T21:51:45 IST" skipped="0">
  <testcase classname="test.ResetPageTest" name="verifyPasswordResetwithValidEmailId" time="15.183"/>
  <testcase classname="test.ResetPageTest" name="verifyResetPageTitle" time="13.054"/>
  <testcase classname="test.ResetPageTest" name="verifyErrorMsgWithInvalidEmailId" time="17.345"/>
</testsuite> <!-- test.ResetPageTest -->
