<?xml version="1.0" encoding="UTF-8"?>
<!-- Generated by org.testng.reporters.JUnitReportReporter -->
<testsuite hostname="DESKTOP-I5JEI3M" failures="0" tests="4" name="test.LoginPageTest" time="58.228" errors="0" timestamp="2024-07-02T21:00:14 IST" skipped="0">
  <testcase classname="test.LoginPageTest" name="verifyErrorMsgWhileLoginWithInvalidCredentials" time="17.965"/>
  <testcase classname="test.LoginPageTest" name="verifyErrorMsgWhileLoginWithInvalidCredentials" time="11.996"/>
  <testcase classname="test.LoginPageTest" name="verifyErrorMsgWhileLoginWithInvalidCredentials" time="15.125"/>
  <testcase classname="test.LoginPageTest" name="verifyLoginWithValidCredentials" time="13.142"/>
</testsuite> <!-- test.LoginPageTest -->
