<?xml version="1.0" encoding="UTF-8"?>
<!-- Generated by org.testng.reporters.JUnitReportReporter -->
<testsuite hostname="DESKTOP-I5JEI3M" failures="0" tests="4" name="test.LoginPageTest" time="41.473" errors="0" timestamp="2024-07-07T20:28:36 IST" skipped="0">
  <testcase classname="test.LoginPageTest" name="verifyErrorMsgWhileLoginWithInvalidCredentials" time="10.729"/>
  <testcase classname="test.LoginPageTest" name="verifyErrorMsgWhileLoginWithInvalidCredentials" time="11.943"/>
  <testcase classname="test.LoginPageTest" name="verifyErrorMsgWhileLoginWithInvalidCredentials" time="8.978"/>
  <testcase classname="test.LoginPageTest" name="verifyLoginWithValidCredentials" time="9.823"/>
</testsuite> <!-- test.LoginPageTest -->
